<?xml version="1.0" encoding="UTF-8"?>
<!-- Generated by org.testng.reporters.JUnitXMLReporter -->
<testsuite ignored="0" hostname="DESKTOP-1CCS179" failures="0" tests="3" name="Test" time="15.489" errors="0" timestamp="2024-03-17T11:40:15 IST">
  <testcase classname="com.sauceDemo.testLayer.LoginpageTest" name="verifyLoginTest" time="0.428"/>
  <testcase classname="com.sauceDemo.testLayer.FilterTest" name="filterTest" time="3.582"/>
  <testcase classname="com.sauceDemo.testLayer.BuyTest" name="buyProductTest" time="0.947"/>
</testsuite> <!-- Test -->
