<?xml version="1.0" encoding="UTF-8"?>
<!-- Generated by org.testng.reporters.JUnitXMLReporter -->
<testsuite ignored="4" hostname="DESKTOP-1CCS179" failures="0" tests="3" name="Test" time="19.247" errors="0" timestamp="2024-03-24T12:20:45 IST">
  <testcase classname="com.sauceDemo.testLayer.LoginpageTest" name="verifyLoginTest" time="0.536"/>
  <testcase classname="com.sauceDemo.testLayer.FilterTest" name="filterTest" time="3.508"/>
  <testcase classname="com.sauceDemo.testLayer.BuyTest" name="buyProductTest" time="1.084"/>
  <testcase classname="com.sauceDemo.testBase.TestBase" name="@AfterTest stop" time="0.0">
    <ignored/>
  </testcase> <!-- @AfterTest stop -->
  <testcase classname="com.sauceDemo.testBase.TestBase" name="@AfterTest stop" time="0.0">
    <ignored/>
  </testcase> <!-- @AfterTest stop -->
  <testcase classname="com.sauceDemo.testBase.TestBase" name="@BeforeTest start" time="0.0">
    <ignored/>
  </testcase> <!-- @BeforeTest start -->
  <testcase classname="com.sauceDemo.testBase.TestBase" name="@BeforeTest start" time="0.0">
    <ignored/>
  </testcase> <!-- @BeforeTest start -->
</testsuite> <!-- Test -->
