<?xml version="1.0" encoding="UTF-8"?>
<testng-results ignored="0" total="3" passed="3" failed="0" skipped="0">
  <reporter-output>
  </reporter-output>
  <suite started-at="2024-03-17T11:40:00 IST" name="Suite" finished-at="2024-03-17T11:40:15 IST" duration-ms="15489">
    <groups>
    </groups>
    <test started-at="2024-03-17T11:40:00 IST" name="Test" finished-at="2024-03-17T11:40:15 IST" duration-ms="15489">
      <class name="com.sauceDemo.testLayer.LoginpageTest">
        <test-method is-config="true" signature="setUp()[pri:0, instance:com.sauceDemo.testLayer.LoginpageTest@20ce78ec]" started-at="2024-03-17T11:40:00 IST" name="setUp" finished-at="2024-03-17T11:40:03 IST" duration-ms="3655" status="PASS">
          <reporter-output>
          </reporter-output>
        </test-method> <!-- setUp -->
        <test-method signature="verifyLoginTest()[pri:0, instance:com.sauceDemo.testLayer.LoginpageTest@20ce78ec]" started-at="2024-03-17T11:40:03 IST" name="verifyLoginTest" finished-at="2024-03-17T11:40:04 IST" duration-ms="428" status="PASS">
          <reporter-output>
          </reporter-output>
        </test-method> <!-- verifyLoginTest -->
        <test-method is-config="true" signature="tearDown()[pri:0, instance:com.sauceDemo.testLayer.LoginpageTest@20ce78ec]" started-at="2024-03-17T11:40:04 IST" name="tearDown" finished-at="2024-03-17T11:40:04 IST" duration-ms="503" status="PASS">
          <reporter-output>
          </reporter-output>
        </test-method> <!-- tearDown -->
      </class> <!-- com.sauceDemo.testLayer.LoginpageTest -->
      <class name="com.sauceDemo.testLayer.FilterTest">
        <test-method is-config="true" signature="setUp()[pri:0, instance:com.sauceDemo.testLayer.FilterTest@3e58a80e]" started-at="2024-03-17T11:40:04 IST" name="setUp" finished-at="2024-03-17T11:40:07 IST" duration-ms="2777" status="PASS">
          <reporter-output>
          </reporter-output>
        </test-method> <!-- setUp -->
        <test-method signature="filterTest()[pri:0, instance:com.sauceDemo.testLayer.FilterTest@3e58a80e]" started-at="2024-03-17T11:40:07 IST" name="filterTest" finished-at="2024-03-17T11:40:11 IST" duration-ms="3582" status="PASS">
          <reporter-output>
          </reporter-output>
        </test-method> <!-- filterTest -->
        <test-method is-config="true" signature="tearDown()[pri:0, instance:com.sauceDemo.testLayer.FilterTest@3e58a80e]" started-at="2024-03-17T11:40:11 IST" name="tearDown" finished-at="2024-03-17T11:40:11 IST" duration-ms="411" status="PASS">
          <reporter-output>
          </reporter-output>
        </test-method> <!-- tearDown -->
      </class> <!-- com.sauceDemo.testLayer.FilterTest -->
      <class name="com.sauceDemo.testLayer.BuyTest">
        <test-method is-config="true" signature="setUp()[pri:0, instance:com.sauceDemo.testLayer.BuyTest@4fb61f4a]" started-at="2024-03-17T11:40:11 IST" name="setUp" finished-at="2024-03-17T11:40:14 IST" duration-ms="2734" status="PASS">
          <reporter-output>
          </reporter-output>
        </test-method> <!-- setUp -->
        <test-method signature="buyProductTest()[pri:0, instance:com.sauceDemo.testLayer.BuyTest@4fb61f4a]" started-at="2024-03-17T11:40:14 IST" name="buyProductTest" finished-at="2024-03-17T11:40:15 IST" duration-ms="947" status="PASS">
          <reporter-output>
          </reporter-output>
        </test-method> <!-- buyProductTest -->
        <test-method is-config="true" signature="tearDown()[pri:0, instance:com.sauceDemo.testLayer.BuyTest@4fb61f4a]" started-at="2024-03-17T11:40:15 IST" name="tearDown" finished-at="2024-03-17T11:40:15 IST" duration-ms="404" status="PASS">
          <reporter-output>
          </reporter-output>
        </test-method> <!-- tearDown -->
      </class> <!-- com.sauceDemo.testLayer.BuyTest -->
    </test> <!-- Test -->
  </suite> <!-- Suite -->
</testng-results>
